1 2 3 4 
1 3 6 5 2 7 4 
1 2 3 
6 12 5 13 8 3 1 11 2 7 4 10 9 
1 3 6 10 5 2 4 9 11 12 7 8 
4 8 1 6 11 7 3 2 5 10 9 
5 1 3 4 2 
2 4 6 8 10 12 14 3 7 11 1 9 5 13 
15 14 16 2 5 9 1 10 7 8 13 12 6 4 11 3 
7 2 10 6 4 3 5 9 1 8 11 12 
18 16 15 17 20 3 7 12 4 13 9 8 11 2 1 10 19 14 6 5 
11 1 3 6 10 8 9 5 2 4 7 
8 1 10 4 14 11 7 6 9 13 3 2 12 5 15 
8 6 5 7 10 3 2 9 4 1 
11 7 4 2 1 3 6 10 15 13 14 9 5 8 12 
10 9 11 2 5 1 8 4 6 3 7 
10 7 5 4 6 9 13 8 3 12 1 11 2 
11 10 12 2 5 9 7 8 4 1 3 6 
9 7 6 8 11 3 1 2 10 4 5 
1 2 
8 5 3 2 4 7 11 10 6 1 9 
5 4 6 2 3 1 
1 3 6 10 15 9 5 4 8 14 2 13 7 12 11 
1 3 6 10 5 2 4 9 11 12 7 8 
1 2 3 4 5 6 7 8 9 10 11 12 13 14 15 
2 4 6 8 10 12 14 16 1 5 9 13 17 7 15 11 3 
1 2 3 4 5 6 
1 2 3 4 5 6 7 8 9 
1 3 2 
3 2 4 1 
1 3 6 10 15 5 14 9 7 8 13 4 11 18 16 17 2 12 
13 7 2 17 14 11 10 12 16 1 6 19 15 18 5 8 9 3 4 
10 4 15 11 7 5 3 6 9 14 8 2 13 16 12 1 
12 1 3 6 10 7 5 9 8 4 2 11 
1 3 6 2 9 5 7 4 8 
2 4 6 3 1 5 
1 3 4 2 
8 1 3 6 5 2 7 4 
1 2 3 4 5 6 7 
3 1 2 
15 12 10 9 11 14 18 4 13 5 2 3 8 7 1 17 6 16 
1 2 3 4 5 6 
2 4 3 1 
1 2 3 4 
2 1 3 
1 2 3 4 5 6 7 8 9 10 11 12 13 14 15 
1 2 
10 20 11 2 14 6 19 15 9 7 5 8 13 18 12 4 17 1 16 3 
18 1 3 6 10 15 7 16 12 11 14 5 4 13 2 17 9 8 
14 12 11 13 16 3 7 1 9 8 15 6 2 5 4 10 
3 6 2 7 5 1 4 
1 3 6 5 2 7 4 
2 4 6 8 10 3 7 1 9 5 
7 3 11 9 8 10 2 6 1 4 5 
2 1 3 
1 2 3 4 5 6 7 8 9 10 
3 6 9 12 1 5 10 14 7 13 8 4 11 2 
1 3 6 10 15 4 13 7 19 18 5 12 9 14 11 8 17 16 2 
3 6 4 2 5 1 
1 3 6 10 15 8 2 14 16 7 4 9 11 13 5 12 
4 1 6 5 7 3 2 
3 1 2 
2 4 6 8 10 12 14 1 5 9 13 3 11 7 15 
3 1 5 2 4 
4 1 3 2 
14 10 7 5 4 6 9 13 18 11 2 1 8 17 12 16 15 3 
2 4 6 8 10 3 7 1 9 5 
1 3 6 5 2 7 4 
5 10 3 9 4 12 8 7 11 2 6 1 
10 2 13 6 18 14 9 7 5 8 12 17 11 4 16 1 15 3 
16 12 9 7 6 8 11 15 20 5 19 14 13 18 4 10 3 17 2 1 
10 1 12 4 16 9 5 19 17 15 18 3 8 2 14 7 11 6 13 
3 1 2 
2 4 6 8 10 12 14 16 18 3 7 11 15 1 9 17 13 5 
8 16 4 13 2 12 3 15 7 20 17 11 10 14 19 6 5 18 9 1 
5 3 2 4 7 1 6 
2 4 6 8 10 12 14 1 5 9 13 3 11 7 15 
3 6 9 12 4 8 1 7 2 11 5 10 
2 1 3 
3 6 9 12 15 18 4 8 13 17 5 11 1 10 2 16 7 14 
1 2 3 
12 4 17 10 5 20 16 14 13 15 19 3 9 6 2 8 7 1 18 11 
2 4 6 8 10 12 1 5 9 13 7 3 11 
1 3 6 10 15 7 16 12 11 14 5 4 13 2 17 9 8 
7 14 1 9 17 5 15 4 16 8 20 13 11 10 12 19 6 18 2 3 
14 9 5 2 19 18 1 4 8 13 6 16 15 3 12 7 11 10 17 
3 6 9 2 7 1 8 5 10 4 
11 8 6 5 7 10 14 4 2 3 13 9 12 1 
9 1 11 4 15 10 6 3 2 5 8 14 12 13 7 16 17 
3 1 5 2 4 
3 1 5 2 4 
5 10 15 20 6 12 18 4 13 1 9 19 11 3 17 16 2 8 14 7 
2 4 6 8 10 12 14 16 1 5 9 13 17 7 15 11 3 
2 4 1 5 3 
3 6 9 12 15 18 2 7 11 16 1 8 14 4 13 5 19 10 17 
5 10 6 2 9 8 1 4 7 3 
13 11 10 12 15 3 7 2 14 1 6 8 9 4 5 
8 2 11 6 3 14 13 1 5 10 9 4 12 7 
7 14 8 2 11 6 4 3 5 10 1 9 12 13 
11 9 8 10 13 3 7 5 6 2 12 1 4 
